Running LUMPY…
Sourcing executables from /storage/homefs/kw23y068/.conda/envs/lumpy/bin/lumpyexpress.config ...

Checking for required python modules (python)...

usage:   lumpyexpress [options]

options:
     -B FILE  full BAM or CRAM file(s) (comma separated) (required)
     -S FILE  split reads BAM file(s) (comma separated)
     -D FILE  discordant reads BAM files(s) (comma separated)
     -R FILE  indexed reference genome fasta file (recommended for CRAMs)

     -d FILE  bedpe file of depths (comma separated and prefixed by sample:)
              e.g sample_x:/path/to/sample_x.bedpe,sample_y:/path/to/sample_y.bedpe
     -o FILE  output file [fullBam.bam.vcf]
     -x FILE  BED file to exclude
     -P       output probability curves for each variant
     -m INT   minimum sample weight for a call [4]
     -r FLOAT trim threshold [0]
     -T DIR   temp directory [./output_prefix.XXXXXXXXXXXX]
     -k       keep temporary files

     -K FILE  path to lumpyexpress.config file
                (default: same directory as lumpyexpress)
     -v       verbose
     -h       show this message

Error: file /storage/scratch/iee_evol/kw23y068/lumpy//FG_CC_19T_031.splitters.unsorted.bam.bam not found.

Done. Output written to: /storage/scratch/iee_evol/kw23y068/lumpy//FG_CC_19T_031/FG_CC_19T_031_lumpy.vcf
